#
# A fatal error has been detected by the Java Runtime Environment:
#
#  SIGSEGV (0xb) at pc=0x00007f8f6d1cffb2, pid=27438, tid=27461
#
# JRE version: Java(TM) SE Runtime Environment (9.0+11) (build 9.0.4+11)
# Java VM: Java HotSpot(TM) 64-Bit Server VM (9.0.4+11, mixed mode, tiered, compressed oops, g1 gc, linux-amd64)
# Problematic frame:
# C  [libjimage.so+0x3fb2]  ImageStrings::find(Endian*, char const*, int*, unsigned int)+0x42
#
# Core dump will be written. Default location: Core dumps may be processed with "/usr/share/apport/apport %p %s %c %d %P" (or dumping to /home/gmarin/if-vomte-protection/codigos/if-vomte-subgraphProtection/src/core.27438)
#
# If you would like to submit a bug report, please visit:
#   http://bugreport.java.com/bugreport/crash.jsp
#

---------------  S U M M A R Y ------------

Command Line: -agentlib:jdwp=transport=dt_socket,suspend=y,address=localhost:40445 -javaagent:/home/gmarin/eclipse/configuration/org.eclipse.osgi/851/0/.cp/lib/javaagent-shaded.jar -Dfile.encoding=UTF-8 FilesMain.Main2

Host: Intel(R) Core(TM) i7-7500U CPU @ 2.70GHz, 4 cores, 5G, Linux Mint 18.3 Sylvia
Time: Tue Sep 15 15:45:16 2020 -04 elapsed time: 40 seconds (0d 0h 0m 40s)

---------------  T H R E A D  ---------------

Current thread (0x00007f8f68192800):  JavaThread "Signal Dispatcher" daemon [_thread_in_vm, id=27461, stack(0x00007f8f4c023000,0x00007f8f4c124000)]

Stack: [0x00007f8f4c023000,0x00007f8f4c124000],  sp=0x00007f8f4c1212c0,  free space=1016k
Native frames: (J=compiled Java code, A=aot compiled Java code, j=interpreted, Vv=VM code, C=native code)
C  [libjimage.so+0x3fb2]  ImageStrings::find(Endian*, char const*, int*, unsigned int)+0x42
C  [libjimage.so+0x4b8c]  ImageFileReader::find_location_index(char const*, unsigned long long*) const+0x3c
C  [libjimage.so+0x505a]  JIMAGE_FindResource+0xba
V  [libjvm.so+0x5aae8e]